<?xml version="1.0" encoding="UTF-8"?>
<testng-results ignored="0" total="1" passed="1" failed="0" skipped="0">
  <reporter-output>
  </reporter-output>
  <suite started-at="2025-03-11T01:47:23 PDT" name="Suite" finished-at="2025-03-11T01:47:45 PDT" duration-ms="22209">
    <groups>
      <group name="cucumber">
        <method signature="AbstractTestNGCucumberTests.runScenario(io.cucumber.testng.PickleWrapper,io.cucumber.testng.FeatureWrapper)[pri:0, instance:runner.RunnerFileTestCase@a1cdc6d]" name="runScenario" class="io.cucumber.testng.AbstractTestNGCucumberTests"/>
      </group> <!-- cucumber -->
    </groups>
    <test started-at="2025-03-11T01:47:23 PDT" name="Test" finished-at="2025-03-11T01:47:45 PDT" duration-ms="22209">
      <class name="runner.RunnerFileTestCase">
        <test-method is-config="true" signature="setUpClass(org.testng.ITestContext)[pri:0, instance:runner.RunnerFileTestCase@a1cdc6d]" started-at="2025-03-11T01:47:24 PDT" name="setUpClass" finished-at="2025-03-11T01:47:25 PDT" duration-ms="1066" status="PASS">
          <params>
            <param index="0">
              <value>
                <![CDATA[org.testng.TestRunner@6ebc9573]]>
              </value>
            </param>
          </params>
          <reporter-output>
          </reporter-output>
        </test-method> <!-- setUpClass -->
        <test-method signature="runScenario(io.cucumber.testng.PickleWrapper,io.cucumber.testng.FeatureWrapper)[pri:0, instance:runner.RunnerFileTestCase@a1cdc6d]" started-at="2025-03-11T01:47:25 PDT" name="runScenario" description="Runs Cucumber Scenarios" data-provider="scenarios" finished-at="2025-03-11T01:47:45 PDT" duration-ms="20481" status="PASS">
          <params>
            <param index="0">
              <value>
                <![CDATA["I have to create account in rediif and sign in"]]>
              </value>
            </param>
            <param index="1">
              <value>
                <![CDATA["Account Creation in Rediff"]]>
              </value>
            </param>
          </params>
          <reporter-output>
          </reporter-output>
        </test-method> <!-- runScenario -->
        <test-method is-config="true" signature="tearDownClass()[pri:0, instance:runner.RunnerFileTestCase@a1cdc6d]" started-at="2025-03-11T01:47:45 PDT" name="tearDownClass" finished-at="2025-03-11T01:47:45 PDT" duration-ms="116" status="PASS">
          <reporter-output>
          </reporter-output>
        </test-method> <!-- tearDownClass -->
      </class> <!-- runner.RunnerFileTestCase -->
    </test> <!-- Test -->
  </suite> <!-- Suite -->
</testng-results>
